# JRE version: Java(TM) SE Runtime Environment (18.0.2.1+1) (build 18.0.2.1+1-1)
# Java VM: Java HotSpot(TM) 64-Bit Server VM (18.0.2.1+1-1, mixed mode, sharing, tiered, compressed oops, compressed class ptrs, g1 gc, windows-amd64)
GC Precious Log:
 CardTable entry size: 512
 Card Set container configuration: InlinePtr #cards 5 size 8 Array Of Cards #cards 12 size 40 Howl #buckets 4 coarsen threshold 1843 Howl Bitmap #cards 512 size 80 coarsen threshold 460 Card regions per heap region 1 cards per card region 2048
 CPUs: 4 total, 4 available
 Memory: 3999M
 Large Page Support: Disabled
 NUMA Support: Disabled
 Compressed Oops: Enabled (32-bit)
 Heap Region Size: 1M
 Heap Min Capacity: 8M
 Heap Initial Capacity: 64M
 Heap Max Capacity: 1000M
 Pre-touch: Disabled
 Parallel Workers: 4
 Concurrent Workers: 1
 Concurrent Refinement Workers: 4
 Periodic GC: Disabled
 String Deduplication is enabled
Heap:
 garbage-first heap   total 416768K, used 332899K [0x00000000c1800000, 0x0000000100000000)
  region size 1024K, 208 young (212992K), 4 survivors (4096K)
 Metaspace       used 101391K, committed 104384K, reserved 1179648K
  class space    used 11334K, committed 12544K, reserved 1048576K
GC Heap History (20 events):
Event: 1112.534 GC heap before
{Heap before GC invocations=61 (full 0):
 garbage-first heap   total 427008K, used 138847K [0x00000000c1800000, 0x0000000100000000)
  region size 1024K, 20 young (20480K), 4 survivors (4096K)
 Metaspace       used 99465K, committed 102592K, reserved 1179648K
  class space    used 11295K, committed 12544K, reserved 1048576K
}
Event: 1113.120 GC heap after
{Heap after GC invocations=62 (full 0):
 garbage-first heap   total 427008K, used 118333K [0x00000000c1800000, 0x0000000100000000)
  region size 1024K, 1 young (1024K), 1 survivors (1024K)
 Metaspace       used 99465K, committed 102592K, reserved 1179648K
  class space    used 11295K, committed 12544K, reserved 1048576K
}
Event: 1159.446 GC heap before
{Heap before GC invocations=62 (full 0):
 garbage-first heap   total 427008K, used 216637K [0x00000000c1800000, 0x0000000100000000)
  region size 1024K, 97 young (99328K), 1 survivors (1024K)
 Metaspace       used 99559K, committed 102592K, reserved 1179648K
  class space    used 11295K, committed 12544K, reserved 1048576K
}
Event: 1159.454 GC heap after
{Heap after GC invocations=63 (full 0):
 garbage-first heap   total 427008K, used 119531K [0x00000000c1800000, 0x0000000100000000)
  region size 1024K, 2 young (2048K), 2 survivors (2048K)
 Metaspace       used 99559K, committed 102592K, reserved 1179648K
  class space    used 11295K, committed 12544K, reserved 1048576K
}
Event: 1265.597 GC heap before
{Heap before GC invocations=64 (full 0):
 garbage-first heap   total 416768K, used 253675K [0x00000000c1800000, 0x0000000100000000)
  region size 1024K, 134 young (137216K), 2 survivors (2048K)
 Metaspace       used 99694K, committed 102720K, reserved 1179648K
  class space    used 11294K, committed 12544K, reserved 1048576K
}
Event: 1265.630 GC heap after
{Heap after GC invocations=65 (full 0):
 garbage-first heap   total 416768K, used 119945K [0x00000000c1800000, 0x0000000100000000)
  region size 1024K, 3 young (3072K), 3 survivors (3072K)
 Metaspace       used 99694K, committed 102720K, reserved 1179648K
  class space    used 11294K, committed 12544K, reserved 1048576K
}
Event: 1271.415 GC heap before
{Heap before GC invocations=65 (full 0):
 garbage-first heap   total 416768K, used 137353K [0x00000000c1800000, 0x0000000100000000)
  region size 1024K, 20 young (20480K), 3 survivors (3072K)
 Metaspace       used 99804K, committed 102784K, reserved 1179648K
  class space    used 11295K, committed 12544K, reserved 1048576K
}
Event: 1271.625 GC heap after
{Heap after GC invocations=66 (full 0):
 garbage-first heap   total 416768K, used 116988K [0x00000000c1800000, 0x0000000100000000)
  region size 1024K, 1 young (1024K), 1 survivors (1024K)
 Metaspace       used 99804K, committed 102784K, reserved 1179648K
  class space    used 11295K, committed 12544K, reserved 1048576K
}
Event: 1277.394 GC heap before
{Heap before GC invocations=66 (full 0):
 garbage-first heap   total 416768K, used 135420K [0x00000000c1800000, 0x0000000100000000)
  region size 1024K, 20 young (20480K), 1 survivors (1024K)
 Metaspace       used 99903K, committed 102848K, reserved 1179648K
  class space    used 11303K, committed 12544K, reserved 1048576K
}
Event: 1277.430 GC heap after
{Heap after GC invocations=67 (full 0):
 garbage-first heap   total 416768K, used 116961K [0x00000000c1800000, 0x0000000100000000)
  region size 1024K, 1 young (1024K), 1 survivors (1024K)
 Metaspace       used 99903K, committed 102848K, reserved 1179648K
  class space    used 11303K, committed 12544K, reserved 1048576K
}
Event: 1286.185 GC heap before
{Heap before GC invocations=67 (full 0):
 garbage-first heap   total 416768K, used 143585K [0x00000000c1800000, 0x0000000100000000)
  region size 1024K, 29 young (29696K), 1 survivors (1024K)
 Metaspace       used 99971K, committed 102912K, reserved 1179648K
  class space    used 11304K, committed 12544K, reserved 1048576K
}
Event: 1286.191 GC heap after
{Heap after GC invocations=68 (full 0):
 garbage-first heap   total 416768K, used 117385K [0x00000000c1800000, 0x0000000100000000)
  region size 1024K, 1 young (1024K), 1 survivors (1024K)
 Metaspace       used 99971K, committed 102912K, reserved 1179648K
  class space    used 11304K, committed 12544K, reserved 1048576K
}
Event: 1385.417 GC heap before
{Heap before GC invocations=69 (full 0):
 garbage-first heap   total 416768K, used 376457K [0x00000000c1800000, 0x0000000100000000)
  region size 1024K, 241 young (246784K), 1 survivors (1024K)
 Metaspace       used 100679K, committed 103680K, reserved 1179648K
  class space    used 11321K, committed 12544K, reserved 1048576K
}
Event: 1385.731 GC heap after
{Heap after GC invocations=70 (full 0):
 garbage-first heap   total 416768K, used 127267K [0x00000000c1800000, 0x0000000100000000)
  region size 1024K, 4 young (4096K), 4 survivors (4096K)
 Metaspace       used 100679K, committed 103680K, reserved 1179648K
  class space    used 11321K, committed 12544K, reserved 1048576K
}
Event: 1394.466 GC heap before
{Heap before GC invocations=70 (full 0):
 garbage-first heap   total 416768K, used 143651K [0x00000000c1800000, 0x0000000100000000)
  region size 1024K, 20 young (20480K), 4 survivors (4096K)
 Metaspace       used 100691K, committed 103680K, reserved 1179648K
  class space    used 11321K, committed 12544K, reserved 1048576K
}
Event: 1394.591 GC heap after
{Heap after GC invocations=71 (full 0):
 garbage-first heap   total 416768K, used 118286K [0x00000000c1800000, 0x0000000100000000)
  region size 1024K, 1 young (1024K), 1 survivors (1024K)
 Metaspace       used 100691K, committed 103680K, reserved 1179648K
  class space    used 11321K, committed 12544K, reserved 1048576K
}
Event: 1399.356 GC heap before
{Heap before GC invocations=71 (full 0):
 garbage-first heap   total 416768K, used 137742K [0x00000000c1800000, 0x0000000100000000)
  region size 1024K, 20 young (20480K), 1 survivors (1024K)
 Metaspace       used 100712K, committed 103680K, reserved 1179648K
  class space    used 11321K, committed 12544K, reserved 1048576K
}
Event: 1399.397 GC heap after
{Heap after GC invocations=72 (full 0):
 garbage-first heap   total 416768K, used 118315K [0x00000000c1800000, 0x0000000100000000)
  region size 1024K, 2 young (2048K), 2 survivors (2048K)
 Metaspace       used 100712K, committed 103680K, reserved 1179648K
  class space    used 11321K, committed 12544K, reserved 1048576K
}
Event: 1461.738 GC heap before
{Heap before GC invocations=72 (full 0):
 garbage-first heap   total 416768K, used 289323K [0x00000000c1800000, 0x0000000100000000)
  region size 1024K, 171 young (175104K), 2 survivors (2048K)
 Metaspace       used 101017K, committed 104000K, reserved 1179648K
  class space    used 11328K, committed 12544K, reserved 1048576K
}
Event: 1461.769 GC heap after
{Heap after GC invocations=73 (full 0):
 garbage-first heap   total 416768K, used 119907K [0x00000000c1800000, 0x0000000100000000)
  region size 1024K, 4 young (4096K), 4 survivors (4096K)
 Metaspace       used 101017K, committed 104000K, reserved 1179648K
  class space    used 11328K, committed 12544K, reserved 1048576K
}

